2013/12/19 06:16:10 [error] [system.db.CDbCommand] CDbCommand::fetchAll() failed: SQLSTATE[42S22]: Column not found: 1054 Unknown column 'amazonProductsCategories.category_id' in 'where clause'. The SQL statement executed was: SELECT `t`.`id` AS `t0_c0`, `t`.`amazon_asin_number` AS `t0_c1`, `t`.`amazon_product_id` AS `t0_c2`, `t`.`product_name` AS `t0_c3`, `t`.`product_image` AS `t0_c4`, `t`.`product_description` AS `t0_c5`, `t`.`product_price` AS `t0_c6`, `t`.`amazon_product_detail_page_url` AS `t0_c7`, `t`.`publisher` AS `t0_c8`, `t`.`reviews` AS `t0_c9`, `t`.`created_at` AS `t0_c10`, `t`.`updated_at` AS `t0_c11` FROM `amazon_products` `t`  WHERE (amazonProductsCategories.category_id LIKE :ycp0) LIMIT 5.
in D:\data\Ampps\www\eventfish\protected\controllers\EventPlannerController.php (266)
in D:\data\Ampps\www\eventfish\index.php (22)
2013/12/19 06:16:10 [error] [exception.CDbException] exception 'CDbException' with message 'CDbCommand failed to execute the SQL statement: SQLSTATE[42S22]: Column not found: 1054 Unknown column 'amazonProductsCategories.category_id' in 'where clause'. The SQL statement executed was: SELECT `t`.`id` AS `t0_c0`, `t`.`amazon_asin_number` AS `t0_c1`, `t`.`amazon_product_id` AS `t0_c2`, `t`.`product_name` AS `t0_c3`, `t`.`product_image` AS `t0_c4`, `t`.`product_description` AS `t0_c5`, `t`.`product_price` AS `t0_c6`, `t`.`amazon_product_detail_page_url` AS `t0_c7`, `t`.`publisher` AS `t0_c8`, `t`.`reviews` AS `t0_c9`, `t`.`created_at` AS `t0_c10`, `t`.`updated_at` AS `t0_c11` FROM `amazon_products` `t`  WHERE (amazonProductsCategories.category_id LIKE :ycp0) LIMIT 5' in D:\data\Ampps\www\yii\framework\db\CDbCommand.php:528
Stack trace:
#0 D:\data\Ampps\www\yii\framework\db\CDbCommand.php(390): CDbCommand->queryInternal('fetchAll', Array, Array)
#1 D:\data\Ampps\www\yii\framework\db\ar\CActiveFinder.php(784): CDbCommand->queryAll()
#2 D:\data\Ampps\www\yii\framework\db\ar\CActiveFinder.php(422): CJoinElement->runQuery(Object(CJoinQuery))
#3 D:\data\Ampps\www\yii\framework\db\ar\CActiveFinder.php(70): CJoinElement->find(Object(CDbCriteria))
#4 D:\data\Ampps\www\yii\framework\db\ar\CActiveRecord.php(1296): CActiveFinder->query(Object(CDbCriteria), true)
#5 D:\data\Ampps\www\yii\framework\db\ar\CActiveRecord.php(1410): CActiveRecord->query(Object(CDbCriteria), true)
#6 D:\data\Ampps\www\eventfish\protected\controllers\EventPlannerController.php(266): CActiveRecord->findAll(Object(CDbCriteria))
#7 D:\data\Ampps\www\yii\framework\web\actions\CInlineAction.php(50): EventPlannerController->actionPlanEventAccessoriesAdd()
#8 D:\data\Ampps\www\yii\framework\web\CController.php(309): CInlineAction->runWithParams(Array)
#9 D:\data\Ampps\www\yii\framework\web\filters\CFilterChain.php(134): CController->runAction(Object(CInlineAction))
#10 D:\data\Ampps\www\yii\framework\web\filters\CFilter.php(41): CFilterChain->run()
#11 D:\data\Ampps\www\yii\framework\web\CController.php(1146): CFilter->filter(Object(CFilterChain))
#12 D:\data\Ampps\www\yii\framework\web\filters\CInlineFilter.php(59): CController->filterAccessControl(Object(CFilterChain))
#13 D:\data\Ampps\www\yii\framework\web\filters\CFilterChain.php(131): CInlineFilter->filter(Object(CFilterChain))
#14 D:\data\Ampps\www\yii\framework\web\CController.php(292): CFilterChain->run()
#15 D:\data\Ampps\www\yii\framework\web\CController.php(266): CController->runActionWithFilters(Object(CInlineAction), Array)
#16 D:\data\Ampps\www\yii\framework\web\CWebApplication.php(283): CController->run('planEventAccess...')
#17 D:\data\Ampps\www\yii\framework\web\CWebApplication.php(142): CWebApplication->runController('eventPlanner/pl...')
#18 D:\data\Ampps\www\yii\framework\base\CApplication.php(162): CWebApplication->processRequest()
#19 D:\data\Ampps\www\eventfish\index.php(22): CApplication->run()
#20 {main}
REQUEST_URI=/eventfish/index.php/eventPlanner/planEventAccessoriesAdd/4
---
2013/12/19 06:17:13 [error] [system.db.CDbCommand] CDbCommand::fetchAll() failed: SQLSTATE[42S22]: Column not found: 1054 Unknown column 'amazonProductsCategories.category_id' in 'where clause'. The SQL statement executed was: SELECT `t`.`id` AS `t0_c0`, `t`.`amazon_asin_number` AS `t0_c1`, `t`.`amazon_product_id` AS `t0_c2`, `t`.`product_name` AS `t0_c3`, `t`.`product_image` AS `t0_c4`, `t`.`product_description` AS `t0_c5`, `t`.`product_price` AS `t0_c6`, `t`.`amazon_product_detail_page_url` AS `t0_c7`, `t`.`publisher` AS `t0_c8`, `t`.`reviews` AS `t0_c9`, `t`.`created_at` AS `t0_c10`, `t`.`updated_at` AS `t0_c11` FROM `amazon_products` `t`  WHERE (amazonProductsCategories.category_id LIKE :ycp0) LIMIT 5.
in D:\data\Ampps\www\eventfish\protected\controllers\EventPlannerController.php (266)
in D:\data\Ampps\www\eventfish\index.php (22)
2013/12/19 06:17:13 [error] [exception.CDbException] exception 'CDbException' with message 'CDbCommand failed to execute the SQL statement: SQLSTATE[42S22]: Column not found: 1054 Unknown column 'amazonProductsCategories.category_id' in 'where clause'. The SQL statement executed was: SELECT `t`.`id` AS `t0_c0`, `t`.`amazon_asin_number` AS `t0_c1`, `t`.`amazon_product_id` AS `t0_c2`, `t`.`product_name` AS `t0_c3`, `t`.`product_image` AS `t0_c4`, `t`.`product_description` AS `t0_c5`, `t`.`product_price` AS `t0_c6`, `t`.`amazon_product_detail_page_url` AS `t0_c7`, `t`.`publisher` AS `t0_c8`, `t`.`reviews` AS `t0_c9`, `t`.`created_at` AS `t0_c10`, `t`.`updated_at` AS `t0_c11` FROM `amazon_products` `t`  WHERE (amazonProductsCategories.category_id LIKE :ycp0) LIMIT 5' in D:\data\Ampps\www\yii\framework\db\CDbCommand.php:528
Stack trace:
#0 D:\data\Ampps\www\yii\framework\db\CDbCommand.php(390): CDbCommand->queryInternal('fetchAll', Array, Array)
#1 D:\data\Ampps\www\yii\framework\db\ar\CActiveFinder.php(784): CDbCommand->queryAll()
#2 D:\data\Ampps\www\yii\framework\db\ar\CActiveFinder.php(422): CJoinElement->runQuery(Object(CJoinQuery))
#3 D:\data\Ampps\www\yii\framework\db\ar\CActiveFinder.php(70): CJoinElement->find(Object(CDbCriteria))
#4 D:\data\Ampps\www\yii\framework\db\ar\CActiveRecord.php(1296): CActiveFinder->query(Object(CDbCriteria), true)
#5 D:\data\Ampps\www\yii\framework\db\ar\CActiveRecord.php(1410): CActiveRecord->query(Object(CDbCriteria), true)
#6 D:\data\Ampps\www\eventfish\protected\controllers\EventPlannerController.php(266): CActiveRecord->findAll(Object(CDbCriteria))
#7 D:\data\Ampps\www\yii\framework\web\actions\CInlineAction.php(50): EventPlannerController->actionPlanEventAccessoriesAdd()
#8 D:\data\Ampps\www\yii\framework\web\CController.php(309): CInlineAction->runWithParams(Array)
#9 D:\data\Ampps\www\yii\framework\web\filters\CFilterChain.php(134): CController->runAction(Object(CInlineAction))
#10 D:\data\Ampps\www\yii\framework\web\filters\CFilter.php(41): CFilterChain->run()
#11 D:\data\Ampps\www\yii\framework\web\CController.php(1146): CFilter->filter(Object(CFilterChain))
#12 D:\data\Ampps\www\yii\framework\web\filters\CInlineFilter.php(59): CController->filterAccessControl(Object(CFilterChain))
#13 D:\data\Ampps\www\yii\framework\web\filters\CFilterChain.php(131): CInlineFilter->filter(Object(CFilterChain))
#14 D:\data\Ampps\www\yii\framework\web\CController.php(292): CFilterChain->run()
#15 D:\data\Ampps\www\yii\framework\web\CController.php(266): CController->runActionWithFilters(Object(CInlineAction), Array)
#16 D:\data\Ampps\www\yii\framework\web\CWebApplication.php(283): CController->run('planEventAccess...')
#17 D:\data\Ampps\www\yii\framework\web\CWebApplication.php(142): CWebApplication->runController('eventPlanner/pl...')
#18 D:\data\Ampps\www\yii\framework\base\CApplication.php(162): CWebApplication->processRequest()
#19 D:\data\Ampps\www\eventfish\index.php(22): CApplication->run()
#20 {main}
REQUEST_URI=/eventfish/index.php/eventPlanner/planEventAccessoriesAdd/4
---
2013/12/19 06:17:34 [error] [exception.CDbException] exception 'CDbException' with message 'Relation "AmazonProductsCategories" is not defined in active record class "AmazonProducts".' in D:\data\Ampps\www\yii\framework\db\ar\CActiveFinder.php:216
Stack trace:
#0 D:\data\Ampps\www\yii\framework\db\ar\CActiveFinder.php(280): CActiveFinder->buildJoinTree(Object(CJoinElement), 'AmazonProductsC...')
#1 D:\data\Ampps\www\yii\framework\db\ar\CActiveFinder.php(49): CActiveFinder->buildJoinTree(Object(CJoinElement), Array)
#2 D:\data\Ampps\www\yii\framework\db\ar\CActiveRecord.php(1543): CActiveFinder->__construct(Object(AmazonProducts), Array)
#3 D:\data\Ampps\www\eventfish\protected\controllers\EventPlannerController.php(251): CActiveRecord->count(Object(CDbCriteria))
#4 D:\data\Ampps\www\yii\framework\web\actions\CInlineAction.php(50): EventPlannerController->actionPlanEventAccessoriesAdd()
#5 D:\data\Ampps\www\yii\framework\web\CController.php(309): CInlineAction->runWithParams(Array)
#6 D:\data\Ampps\www\yii\framework\web\filters\CFilterChain.php(134): CController->runAction(Object(CInlineAction))
#7 D:\data\Ampps\www\yii\framework\web\filters\CFilter.php(41): CFilterChain->run()
#8 D:\data\Ampps\www\yii\framework\web\CController.php(1146): CFilter->filter(Object(CFilterChain))
#9 D:\data\Ampps\www\yii\framework\web\filters\CInlineFilter.php(59): CController->filterAccessControl(Object(CFilterChain))
#10 D:\data\Ampps\www\yii\framework\web\filters\CFilterChain.php(131): CInlineFilter->filter(Object(CFilterChain))
#11 D:\data\Ampps\www\yii\framework\web\CController.php(292): CFilterChain->run()
#12 D:\data\Ampps\www\yii\framework\web\CController.php(266): CController->runActionWithFilters(Object(CInlineAction), Array)
#13 D:\data\Ampps\www\yii\framework\web\CWebApplication.php(283): CController->run('planEventAccess...')
#14 D:\data\Ampps\www\yii\framework\web\CWebApplication.php(142): CWebApplication->runController('eventPlanner/pl...')
#15 D:\data\Ampps\www\yii\framework\base\CApplication.php(162): CWebApplication->processRequest()
#16 D:\data\Ampps\www\eventfish\index.php(22): CApplication->run()
#17 {main}
REQUEST_URI=/eventfish/index.php/eventPlanner/planEventAccessoriesAdd/4
---
2013/12/19 06:17:46 [error] [exception.CDbException] exception 'CDbException' with message 'Relation "AmazonProductsCategories" is not defined in active record class "AmazonProducts".' in D:\data\Ampps\www\yii\framework\db\ar\CActiveFinder.php:216
Stack trace:
#0 D:\data\Ampps\www\yii\framework\db\ar\CActiveFinder.php(280): CActiveFinder->buildJoinTree(Object(CJoinElement), 'AmazonProductsC...')
#1 D:\data\Ampps\www\yii\framework\db\ar\CActiveFinder.php(49): CActiveFinder->buildJoinTree(Object(CJoinElement), Array)
#2 D:\data\Ampps\www\yii\framework\db\ar\CActiveRecord.php(1543): CActiveFinder->__construct(Object(AmazonProducts), Array)
#3 D:\data\Ampps\www\eventfish\protected\controllers\EventPlannerController.php(251): CActiveRecord->count(Object(CDbCriteria))
#4 D:\data\Ampps\www\yii\framework\web\actions\CInlineAction.php(50): EventPlannerController->actionPlanEventAccessoriesAdd()
#5 D:\data\Ampps\www\yii\framework\web\CController.php(309): CInlineAction->runWithParams(Array)
#6 D:\data\Ampps\www\yii\framework\web\filters\CFilterChain.php(134): CController->runAction(Object(CInlineAction))
#7 D:\data\Ampps\www\yii\framework\web\filters\CFilter.php(41): CFilterChain->run()
#8 D:\data\Ampps\www\yii\framework\web\CController.php(1146): CFilter->filter(Object(CFilterChain))
#9 D:\data\Ampps\www\yii\framework\web\filters\CInlineFilter.php(59): CController->filterAccessControl(Object(CFilterChain))
#10 D:\data\Ampps\www\yii\framework\web\filters\CFilterChain.php(131): CInlineFilter->filter(Object(CFilterChain))
#11 D:\data\Ampps\www\yii\framework\web\CController.php(292): CFilterChain->run()
#12 D:\data\Ampps\www\yii\framework\web\CController.php(266): CController->runActionWithFilters(Object(CInlineAction), Array)
#13 D:\data\Ampps\www\yii\framework\web\CWebApplication.php(283): CController->run('planEventAccess...')
#14 D:\data\Ampps\www\yii\framework\web\CWebApplication.php(142): CWebApplication->runController('eventPlanner/pl...')
#15 D:\data\Ampps\www\yii\framework\base\CApplication.php(162): CWebApplication->processRequest()
#16 D:\data\Ampps\www\eventfish\index.php(22): CApplication->run()
#17 {main}
REQUEST_URI=/eventfish/index.php/eventPlanner/planEventAccessoriesAdd/4
---
2013/12/19 06:19:33 [error] [system.db.CDbCommand] CDbCommand::fetchAll() failed: SQLSTATE[42S22]: Column not found: 1054 Unknown column 'amazonProductsCategories.category_id' in 'where clause'. The SQL statement executed was: SELECT `t`.`id` AS `t0_c0`, `t`.`amazon_asin_number` AS `t0_c1`, `t`.`amazon_product_id` AS `t0_c2`, `t`.`product_name` AS `t0_c3`, `t`.`product_image` AS `t0_c4`, `t`.`product_description` AS `t0_c5`, `t`.`product_price` AS `t0_c6`, `t`.`amazon_product_detail_page_url` AS `t0_c7`, `t`.`publisher` AS `t0_c8`, `t`.`reviews` AS `t0_c9`, `t`.`created_at` AS `t0_c10`, `t`.`updated_at` AS `t0_c11` FROM `amazon_products` `t`  WHERE (amazonProductsCategories.category_id LIKE :ycp0) LIMIT 5.
in D:\data\Ampps\www\eventfish\protected\controllers\EventPlannerController.php (266)
in D:\data\Ampps\www\eventfish\index.php (22)
2013/12/19 06:19:33 [error] [exception.CDbException] exception 'CDbException' with message 'CDbCommand failed to execute the SQL statement: SQLSTATE[42S22]: Column not found: 1054 Unknown column 'amazonProductsCategories.category_id' in 'where clause'. The SQL statement executed was: SELECT `t`.`id` AS `t0_c0`, `t`.`amazon_asin_number` AS `t0_c1`, `t`.`amazon_product_id` AS `t0_c2`, `t`.`product_name` AS `t0_c3`, `t`.`product_image` AS `t0_c4`, `t`.`product_description` AS `t0_c5`, `t`.`product_price` AS `t0_c6`, `t`.`amazon_product_detail_page_url` AS `t0_c7`, `t`.`publisher` AS `t0_c8`, `t`.`reviews` AS `t0_c9`, `t`.`created_at` AS `t0_c10`, `t`.`updated_at` AS `t0_c11` FROM `amazon_products` `t`  WHERE (amazonProductsCategories.category_id LIKE :ycp0) LIMIT 5' in D:\data\Ampps\www\yii\framework\db\CDbCommand.php:528
Stack trace:
#0 D:\data\Ampps\www\yii\framework\db\CDbCommand.php(390): CDbCommand->queryInternal('fetchAll', Array, Array)
#1 D:\data\Ampps\www\yii\framework\db\ar\CActiveFinder.php(784): CDbCommand->queryAll()
#2 D:\data\Ampps\www\yii\framework\db\ar\CActiveFinder.php(422): CJoinElement->runQuery(Object(CJoinQuery))
#3 D:\data\Ampps\www\yii\framework\db\ar\CActiveFinder.php(70): CJoinElement->find(Object(CDbCriteria))
#4 D:\data\Ampps\www\yii\framework\db\ar\CActiveRecord.php(1296): CActiveFinder->query(Object(CDbCriteria), true)
#5 D:\data\Ampps\www\yii\framework\db\ar\CActiveRecord.php(1410): CActiveRecord->query(Object(CDbCriteria), true)
#6 D:\data\Ampps\www\eventfish\protected\controllers\EventPlannerController.php(266): CActiveRecord->findAll(Object(CDbCriteria))
#7 D:\data\Ampps\www\yii\framework\web\actions\CInlineAction.php(50): EventPlannerController->actionPlanEventAccessoriesAdd()
#8 D:\data\Ampps\www\yii\framework\web\CController.php(309): CInlineAction->runWithParams(Array)
#9 D:\data\Ampps\www\yii\framework\web\filters\CFilterChain.php(134): CController->runAction(Object(CInlineAction))
#10 D:\data\Ampps\www\yii\framework\web\filters\CFilter.php(41): CFilterChain->run()
#11 D:\data\Ampps\www\yii\framework\web\CController.php(1146): CFilter->filter(Object(CFilterChain))
#12 D:\data\Ampps\www\yii\framework\web\filters\CInlineFilter.php(59): CController->filterAccessControl(Object(CFilterChain))
#13 D:\data\Ampps\www\yii\framework\web\filters\CFilterChain.php(131): CInlineFilter->filter(Object(CFilterChain))
#14 D:\data\Ampps\www\yii\framework\web\CController.php(292): CFilterChain->run()
#15 D:\data\Ampps\www\yii\framework\web\CController.php(266): CController->runActionWithFilters(Object(CInlineAction), Array)
#16 D:\data\Ampps\www\yii\framework\web\CWebApplication.php(283): CController->run('planEventAccess...')
#17 D:\data\Ampps\www\yii\framework\web\CWebApplication.php(142): CWebApplication->runController('eventPlanner/pl...')
#18 D:\data\Ampps\www\yii\framework\base\CApplication.php(162): CWebApplication->processRequest()
#19 D:\data\Ampps\www\eventfish\index.php(22): CApplication->run()
#20 {main}
REQUEST_URI=/eventfish/index.php/eventPlanner/planEventAccessoriesAdd/4
---
2013/12/19 06:22:59 [error] [system.db.CDbCommand] CDbCommand::fetchColumn() failed: SQLSTATE[42S22]: Column not found: 1054 Unknown column 'category_id' in 'where clause'. The SQL statement executed was: SELECT COUNT(*) FROM `amazon_products` `t` WHERE  category_id = 43 .
in D:\data\Ampps\www\eventfish\protected\controllers\EventPlannerController.php (273)
in D:\data\Ampps\www\eventfish\index.php (22)
2013/12/19 06:22:59 [error] [exception.CDbException] exception 'CDbException' with message 'CDbCommand failed to execute the SQL statement: SQLSTATE[42S22]: Column not found: 1054 Unknown column 'category_id' in 'where clause'. The SQL statement executed was: SELECT COUNT(*) FROM `amazon_products` `t` WHERE  category_id = 43 ' in D:\data\Ampps\www\yii\framework\db\CDbCommand.php:528
Stack trace:
#0 D:\data\Ampps\www\yii\framework\db\CDbCommand.php(425): CDbCommand->queryInternal('fetchColumn', 0, Array)
#1 D:\data\Ampps\www\yii\framework\db\ar\CActiveRecord.php(1540): CDbCommand->queryScalar()
#2 D:\data\Ampps\www\eventfish\protected\controllers\EventPlannerController.php(273): CActiveRecord->count(Object(CDbCriteria))
#3 D:\data\Ampps\www\yii\framework\web\actions\CInlineAction.php(50): EventPlannerController->actionPlanEventAccessoriesAdd()
#4 D:\data\Ampps\www\yii\framework\web\CController.php(309): CInlineAction->runWithParams(Array)
#5 D:\data\Ampps\www\yii\framework\web\filters\CFilterChain.php(134): CController->runAction(Object(CInlineAction))
#6 D:\data\Ampps\www\yii\framework\web\filters\CFilter.php(41): CFilterChain->run()
#7 D:\data\Ampps\www\yii\framework\web\CController.php(1146): CFilter->filter(Object(CFilterChain))
#8 D:\data\Ampps\www\yii\framework\web\filters\CInlineFilter.php(59): CController->filterAccessControl(Object(CFilterChain))
#9 D:\data\Ampps\www\yii\framework\web\filters\CFilterChain.php(131): CInlineFilter->filter(Object(CFilterChain))
#10 D:\data\Ampps\www\yii\framework\web\CController.php(292): CFilterChain->run()
#11 D:\data\Ampps\www\yii\framework\web\CController.php(266): CController->runActionWithFilters(Object(CInlineAction), Array)
#12 D:\data\Ampps\www\yii\framework\web\CWebApplication.php(283): CController->run('planEventAccess...')
#13 D:\data\Ampps\www\yii\framework\web\CWebApplication.php(142): CWebApplication->runController('eventPlanner/pl...')
#14 D:\data\Ampps\www\yii\framework\base\CApplication.php(162): CWebApplication->processRequest()
#15 D:\data\Ampps\www\eventfish\index.php(22): CApplication->run()
#16 {main}
REQUEST_URI=/eventfish/index.php/eventPlanner/planEventAccessoriesAdd/4
---
2013/12/19 06:27:16 [error] [system.db.CDbCommand] CDbCommand::fetchColumn() failed: SQLSTATE[42S22]: Column not found: 1054 Unknown column 'category_id' in 'where clause'. The SQL statement executed was: SELECT COUNT(*) FROM `amazon_products` `t` WHERE  category_id = 43 .
in D:\data\Ampps\www\eventfish\protected\controllers\EventPlannerController.php (273)
in D:\data\Ampps\www\eventfish\index.php (22)
2013/12/19 06:27:16 [error] [exception.CDbException] exception 'CDbException' with message 'CDbCommand failed to execute the SQL statement: SQLSTATE[42S22]: Column not found: 1054 Unknown column 'category_id' in 'where clause'. The SQL statement executed was: SELECT COUNT(*) FROM `amazon_products` `t` WHERE  category_id = 43 ' in D:\data\Ampps\www\yii\framework\db\CDbCommand.php:528
Stack trace:
#0 D:\data\Ampps\www\yii\framework\db\CDbCommand.php(425): CDbCommand->queryInternal('fetchColumn', 0, Array)
#1 D:\data\Ampps\www\yii\framework\db\ar\CActiveRecord.php(1540): CDbCommand->queryScalar()
#2 D:\data\Ampps\www\eventfish\protected\controllers\EventPlannerController.php(273): CActiveRecord->count(Object(CDbCriteria))
#3 D:\data\Ampps\www\yii\framework\web\actions\CInlineAction.php(50): EventPlannerController->actionPlanEventAccessoriesAdd()
#4 D:\data\Ampps\www\yii\framework\web\CController.php(309): CInlineAction->runWithParams(Array)
#5 D:\data\Ampps\www\yii\framework\web\filters\CFilterChain.php(134): CController->runAction(Object(CInlineAction))
#6 D:\data\Ampps\www\yii\framework\web\filters\CFilter.php(41): CFilterChain->run()
#7 D:\data\Ampps\www\yii\framework\web\CController.php(1146): CFilter->filter(Object(CFilterChain))
#8 D:\data\Ampps\www\yii\framework\web\filters\CInlineFilter.php(59): CController->filterAccessControl(Object(CFilterChain))
#9 D:\data\Ampps\www\yii\framework\web\filters\CFilterChain.php(131): CInlineFilter->filter(Object(CFilterChain))
#10 D:\data\Ampps\www\yii\framework\web\CController.php(292): CFilterChain->run()
#11 D:\data\Ampps\www\yii\framework\web\CController.php(266): CController->runActionWithFilters(Object(CInlineAction), Array)
#12 D:\data\Ampps\www\yii\framework\web\CWebApplication.php(283): CController->run('planEventAccess...')
#13 D:\data\Ampps\www\yii\framework\web\CWebApplication.php(142): CWebApplication->runController('eventPlanner/pl...')
#14 D:\data\Ampps\www\yii\framework\base\CApplication.php(162): CWebApplication->processRequest()
#15 D:\data\Ampps\www\eventfish\index.php(22): CApplication->run()
#16 {main}
REQUEST_URI=/eventfish/index.php/eventPlanner/planEventAccessoriesAdd/4
---
2013/12/19 06:31:00 [error] [system.db.CDbCommand] CDbCommand::fetchAll() failed: SQLSTATE[42S22]: Column not found: 1054 Unknown column 'amazonProductsCategories.category_id' in 'where clause'. The SQL statement executed was: SELECT `t`.`id` AS `t0_c0`, `t`.`amazon_asin_number` AS `t0_c1`, `t`.`amazon_product_id` AS `t0_c2`, `t`.`product_name` AS `t0_c3`, `t`.`product_image` AS `t0_c4`, `t`.`product_description` AS `t0_c5`, `t`.`product_price` AS `t0_c6`, `t`.`amazon_product_detail_page_url` AS `t0_c7`, `t`.`publisher` AS `t0_c8`, `t`.`reviews` AS `t0_c9`, `t`.`created_at` AS `t0_c10`, `t`.`updated_at` AS `t0_c11` FROM `amazon_products` `t`  WHERE (amazonProductsCategories.category_id LIKE :ycp0) LIMIT 5.
in D:\data\Ampps\www\eventfish\protected\controllers\EventPlannerController.php (266)
in D:\data\Ampps\www\eventfish\index.php (22)
2013/12/19 06:31:00 [error] [exception.CDbException] exception 'CDbException' with message 'CDbCommand failed to execute the SQL statement: SQLSTATE[42S22]: Column not found: 1054 Unknown column 'amazonProductsCategories.category_id' in 'where clause'. The SQL statement executed was: SELECT `t`.`id` AS `t0_c0`, `t`.`amazon_asin_number` AS `t0_c1`, `t`.`amazon_product_id` AS `t0_c2`, `t`.`product_name` AS `t0_c3`, `t`.`product_image` AS `t0_c4`, `t`.`product_description` AS `t0_c5`, `t`.`product_price` AS `t0_c6`, `t`.`amazon_product_detail_page_url` AS `t0_c7`, `t`.`publisher` AS `t0_c8`, `t`.`reviews` AS `t0_c9`, `t`.`created_at` AS `t0_c10`, `t`.`updated_at` AS `t0_c11` FROM `amazon_products` `t`  WHERE (amazonProductsCategories.category_id LIKE :ycp0) LIMIT 5' in D:\data\Ampps\www\yii\framework\db\CDbCommand.php:528
Stack trace:
#0 D:\data\Ampps\www\yii\framework\db\CDbCommand.php(390): CDbCommand->queryInternal('fetchAll', Array, Array)
#1 D:\data\Ampps\www\yii\framework\db\ar\CActiveFinder.php(784): CDbCommand->queryAll()
#2 D:\data\Ampps\www\yii\framework\db\ar\CActiveFinder.php(422): CJoinElement->runQuery(Object(CJoinQuery))
#3 D:\data\Ampps\www\yii\framework\db\ar\CActiveFinder.php(70): CJoinElement->find(Object(CDbCriteria))
#4 D:\data\Ampps\www\yii\framework\db\ar\CActiveRecord.php(1296): CActiveFinder->query(Object(CDbCriteria), true)
#5 D:\data\Ampps\www\yii\framework\db\ar\CActiveRecord.php(1410): CActiveRecord->query(Object(CDbCriteria), true)
#6 D:\data\Ampps\www\eventfish\protected\controllers\EventPlannerController.php(266): CActiveRecord->findAll(Object(CDbCriteria))
#7 D:\data\Ampps\www\yii\framework\web\actions\CInlineAction.php(50): EventPlannerController->actionPlanEventAccessoriesAdd()
#8 D:\data\Ampps\www\yii\framework\web\CController.php(309): CInlineAction->runWithParams(Array)
#9 D:\data\Ampps\www\yii\framework\web\filters\CFilterChain.php(134): CController->runAction(Object(CInlineAction))
#10 D:\data\Ampps\www\yii\framework\web\filters\CFilter.php(41): CFilterChain->run()
#11 D:\data\Ampps\www\yii\framework\web\CController.php(1146): CFilter->filter(Object(CFilterChain))
#12 D:\data\Ampps\www\yii\framework\web\filters\CInlineFilter.php(59): CController->filterAccessControl(Object(CFilterChain))
#13 D:\data\Ampps\www\yii\framework\web\filters\CFilterChain.php(131): CInlineFilter->filter(Object(CFilterChain))
#14 D:\data\Ampps\www\yii\framework\web\CController.php(292): CFilterChain->run()
#15 D:\data\Ampps\www\yii\framework\web\CController.php(266): CController->runActionWithFilters(Object(CInlineAction), Array)
#16 D:\data\Ampps\www\yii\framework\web\CWebApplication.php(283): CController->run('planEventAccess...')
#17 D:\data\Ampps\www\yii\framework\web\CWebApplication.php(142): CWebApplication->runController('eventPlanner/pl...')
#18 D:\data\Ampps\www\yii\framework\base\CApplication.php(162): CWebApplication->processRequest()
#19 D:\data\Ampps\www\eventfish\index.php(22): CApplication->run()
#20 {main}
REQUEST_URI=/eventfish/index.php/eventPlanner/planEventAccessoriesAdd/4
---
2013/12/19 06:32:49 [error] [system.db.CDbCommand] CDbCommand::fetchAll() failed: SQLSTATE[42S22]: Column not found: 1054 Unknown column 'amazonProductsCategories.category_id' in 'where clause'. The SQL statement executed was: SELECT `t`.`id` AS `t0_c0`, `t`.`amazon_asin_number` AS `t0_c1`, `t`.`amazon_product_id` AS `t0_c2`, `t`.`product_name` AS `t0_c3`, `t`.`product_image` AS `t0_c4`, `t`.`product_description` AS `t0_c5`, `t`.`product_price` AS `t0_c6`, `t`.`amazon_product_detail_page_url` AS `t0_c7`, `t`.`publisher` AS `t0_c8`, `t`.`reviews` AS `t0_c9`, `t`.`created_at` AS `t0_c10`, `t`.`updated_at` AS `t0_c11` FROM `amazon_products` `t`  WHERE (amazonProductsCategories.category_id LIKE :ycp0) LIMIT 5.
in D:\data\Ampps\www\eventfish\protected\controllers\EventPlannerController.php (266)
in D:\data\Ampps\www\eventfish\index.php (22)
2013/12/19 06:32:49 [error] [exception.CDbException] exception 'CDbException' with message 'CDbCommand failed to execute the SQL statement: SQLSTATE[42S22]: Column not found: 1054 Unknown column 'amazonProductsCategories.category_id' in 'where clause'. The SQL statement executed was: SELECT `t`.`id` AS `t0_c0`, `t`.`amazon_asin_number` AS `t0_c1`, `t`.`amazon_product_id` AS `t0_c2`, `t`.`product_name` AS `t0_c3`, `t`.`product_image` AS `t0_c4`, `t`.`product_description` AS `t0_c5`, `t`.`product_price` AS `t0_c6`, `t`.`amazon_product_detail_page_url` AS `t0_c7`, `t`.`publisher` AS `t0_c8`, `t`.`reviews` AS `t0_c9`, `t`.`created_at` AS `t0_c10`, `t`.`updated_at` AS `t0_c11` FROM `amazon_products` `t`  WHERE (amazonProductsCategories.category_id LIKE :ycp0) LIMIT 5' in D:\data\Ampps\www\yii\framework\db\CDbCommand.php:528
Stack trace:
#0 D:\data\Ampps\www\yii\framework\db\CDbCommand.php(390): CDbCommand->queryInternal('fetchAll', Array, Array)
#1 D:\data\Ampps\www\yii\framework\db\ar\CActiveFinder.php(784): CDbCommand->queryAll()
#2 D:\data\Ampps\www\yii\framework\db\ar\CActiveFinder.php(422): CJoinElement->runQuery(Object(CJoinQuery))
#3 D:\data\Ampps\www\yii\framework\db\ar\CActiveFinder.php(70): CJoinElement->find(Object(CDbCriteria))
#4 D:\data\Ampps\www\yii\framework\db\ar\CActiveRecord.php(1296): CActiveFinder->query(Object(CDbCriteria), true)
#5 D:\data\Ampps\www\yii\framework\db\ar\CActiveRecord.php(1410): CActiveRecord->query(Object(CDbCriteria), true)
#6 D:\data\Ampps\www\eventfish\protected\controllers\EventPlannerController.php(266): CActiveRecord->findAll(Object(CDbCriteria))
#7 D:\data\Ampps\www\yii\framework\web\actions\CInlineAction.php(50): EventPlannerController->actionPlanEventAccessoriesAdd()
#8 D:\data\Ampps\www\yii\framework\web\CController.php(309): CInlineAction->runWithParams(Array)
#9 D:\data\Ampps\www\yii\framework\web\filters\CFilterChain.php(134): CController->runAction(Object(CInlineAction))
#10 D:\data\Ampps\www\yii\framework\web\filters\CFilter.php(41): CFilterChain->run()
#11 D:\data\Ampps\www\yii\framework\web\CController.php(1146): CFilter->filter(Object(CFilterChain))
#12 D:\data\Ampps\www\yii\framework\web\filters\CInlineFilter.php(59): CController->filterAccessControl(Object(CFilterChain))
#13 D:\data\Ampps\www\yii\framework\web\filters\CFilterChain.php(131): CInlineFilter->filter(Object(CFilterChain))
#14 D:\data\Ampps\www\yii\framework\web\CController.php(292): CFilterChain->run()
#15 D:\data\Ampps\www\yii\framework\web\CController.php(266): CController->runActionWithFilters(Object(CInlineAction), Array)
#16 D:\data\Ampps\www\yii\framework\web\CWebApplication.php(283): CController->run('planEventAccess...')
#17 D:\data\Ampps\www\yii\framework\web\CWebApplication.php(142): CWebApplication->runController('eventPlanner/pl...')
#18 D:\data\Ampps\www\yii\framework\base\CApplication.php(162): CWebApplication->processRequest()
#19 D:\data\Ampps\www\eventfish\index.php(22): CApplication->run()
#20 {main}
REQUEST_URI=/eventfish/index.php/eventPlanner/planEventAccessoriesAdd/4
---
2013/12/19 06:40:13 [error] [system.db.CDbCommand] CDbCommand::fetchAll() failed: SQLSTATE[42S22]: Column not found: 1054 Unknown column 'amazonProductsCategories.category_id' in 'where clause'. The SQL statement executed was: SELECT `t`.`id` AS `t0_c0`, `t`.`amazon_asin_number` AS `t0_c1`, `t`.`amazon_product_id` AS `t0_c2`, `t`.`product_name` AS `t0_c3`, `t`.`product_image` AS `t0_c4`, `t`.`product_description` AS `t0_c5`, `t`.`product_price` AS `t0_c6`, `t`.`amazon_product_detail_page_url` AS `t0_c7`, `t`.`publisher` AS `t0_c8`, `t`.`reviews` AS `t0_c9`, `t`.`created_at` AS `t0_c10`, `t`.`updated_at` AS `t0_c11` FROM `amazon_products` `t`  WHERE (amazonProductsCategories.category_id LIKE :ycp0) LIMIT 5.
in D:\data\Ampps\www\eventfish\protected\controllers\EventPlannerController.php (269)
in D:\data\Ampps\www\eventfish\index.php (22)
2013/12/19 06:40:13 [error] [exception.CDbException] exception 'CDbException' with message 'CDbCommand failed to execute the SQL statement: SQLSTATE[42S22]: Column not found: 1054 Unknown column 'amazonProductsCategories.category_id' in 'where clause'. The SQL statement executed was: SELECT `t`.`id` AS `t0_c0`, `t`.`amazon_asin_number` AS `t0_c1`, `t`.`amazon_product_id` AS `t0_c2`, `t`.`product_name` AS `t0_c3`, `t`.`product_image` AS `t0_c4`, `t`.`product_description` AS `t0_c5`, `t`.`product_price` AS `t0_c6`, `t`.`amazon_product_detail_page_url` AS `t0_c7`, `t`.`publisher` AS `t0_c8`, `t`.`reviews` AS `t0_c9`, `t`.`created_at` AS `t0_c10`, `t`.`updated_at` AS `t0_c11` FROM `amazon_products` `t`  WHERE (amazonProductsCategories.category_id LIKE :ycp0) LIMIT 5' in D:\data\Ampps\www\yii\framework\db\CDbCommand.php:528
Stack trace:
#0 D:\data\Ampps\www\yii\framework\db\CDbCommand.php(390): CDbCommand->queryInternal('fetchAll', Array, Array)
#1 D:\data\Ampps\www\yii\framework\db\ar\CActiveFinder.php(784): CDbCommand->queryAll()
#2 D:\data\Ampps\www\yii\framework\db\ar\CActiveFinder.php(422): CJoinElement->runQuery(Object(CJoinQuery))
#3 D:\data\Ampps\www\yii\framework\db\ar\CActiveFinder.php(70): CJoinElement->find(Object(CDbCriteria))
#4 D:\data\Ampps\www\yii\framework\db\ar\CActiveRecord.php(1296): CActiveFinder->query(Object(CDbCriteria), true)
#5 D:\data\Ampps\www\yii\framework\db\ar\CActiveRecord.php(1410): CActiveRecord->query(Object(CDbCriteria), true)
#6 D:\data\Ampps\www\eventfish\protected\controllers\EventPlannerController.php(269): CActiveRecord->findAll(Object(CDbCriteria))
#7 D:\data\Ampps\www\yii\framework\web\actions\CInlineAction.php(50): EventPlannerController->actionPlanEventAccessoriesAdd()
#8 D:\data\Ampps\www\yii\framework\web\CController.php(309): CInlineAction->runWithParams(Array)
#9 D:\data\Ampps\www\yii\framework\web\filters\CFilterChain.php(134): CController->runAction(Object(CInlineAction))
#10 D:\data\Ampps\www\yii\framework\web\filters\CFilter.php(41): CFilterChain->run()
#11 D:\data\Ampps\www\yii\framework\web\CController.php(1146): CFilter->filter(Object(CFilterChain))
#12 D:\data\Ampps\www\yii\framework\web\filters\CInlineFilter.php(59): CController->filterAccessControl(Object(CFilterChain))
#13 D:\data\Ampps\www\yii\framework\web\filters\CFilterChain.php(131): CInlineFilter->filter(Object(CFilterChain))
#14 D:\data\Ampps\www\yii\framework\web\CController.php(292): CFilterChain->run()
#15 D:\data\Ampps\www\yii\framework\web\CController.php(266): CController->runActionWithFilters(Object(CInlineAction), Array)
#16 D:\data\Ampps\www\yii\framework\web\CWebApplication.php(283): CController->run('planEventAccess...')
#17 D:\data\Ampps\www\yii\framework\web\CWebApplication.php(142): CWebApplication->runController('eventPlanner/pl...')
#18 D:\data\Ampps\www\yii\framework\base\CApplication.php(162): CWebApplication->processRequest()
#19 D:\data\Ampps\www\eventfish\index.php(22): CApplication->run()
#20 {main}
REQUEST_URI=/eventfish/index.php/eventPlanner/planEventAccessoriesAdd/4
---
2013/12/19 06:40:47 [error] [system.db.CDbCommand] CDbCommand::fetchColumn() failed: SQLSTATE[42S22]: Column not found: 1054 Unknown column 't.category_id' in 'where clause'. The SQL statement executed was: SELECT COUNT(DISTINCT `t`.`id`) FROM `amazon_products` `t`  LEFT OUTER JOIN `amazon_products_categories` `amazonProductsCategories` ON (`amazonProductsCategories`.`product_id`=`t`.`id`)  WHERE (t.category_id LIKE :ycp0).
in D:\data\Ampps\www\eventfish\protected\controllers\EventPlannerController.php (254)
in D:\data\Ampps\www\eventfish\index.php (22)
2013/12/19 06:40:47 [error] [exception.CDbException] exception 'CDbException' with message 'CDbCommand failed to execute the SQL statement: SQLSTATE[42S22]: Column not found: 1054 Unknown column 't.category_id' in 'where clause'. The SQL statement executed was: SELECT COUNT(DISTINCT `t`.`id`) FROM `amazon_products` `t`  LEFT OUTER JOIN `amazon_products_categories` `amazonProductsCategories` ON (`amazonProductsCategories`.`product_id`=`t`.`id`)  WHERE (t.category_id LIKE :ycp0)' in D:\data\Ampps\www\yii\framework\db\CDbCommand.php:528
Stack trace:
#0 D:\data\Ampps\www\yii\framework\db\CDbCommand.php(425): CDbCommand->queryInternal('fetchColumn', 0, Array)
#1 D:\data\Ampps\www\yii\framework\db\ar\CActiveFinder.php(728): CDbCommand->queryScalar()
#2 D:\data\Ampps\www\yii\framework\db\ar\CActiveFinder.php(155): CJoinElement->count(Object(CDbCriteria))
#3 D:\data\Ampps\www\yii\framework\db\ar\CActiveRecord.php(1544): CActiveFinder->count(Object(CDbCriteria))
#4 D:\data\Ampps\www\eventfish\protected\controllers\EventPlannerController.php(254): CActiveRecord->count(Object(CDbCriteria))
#5 D:\data\Ampps\www\yii\framework\web\actions\CInlineAction.php(50): EventPlannerController->actionPlanEventAccessoriesAdd()
#6 D:\data\Ampps\www\yii\framework\web\CController.php(309): CInlineAction->runWithParams(Array)
#7 D:\data\Ampps\www\yii\framework\web\filters\CFilterChain.php(134): CController->runAction(Object(CInlineAction))
#8 D:\data\Ampps\www\yii\framework\web\filters\CFilter.php(41): CFilterChain->run()
#9 D:\data\Ampps\www\yii\framework\web\CController.php(1146): CFilter->filter(Object(CFilterChain))
#10 D:\data\Ampps\www\yii\framework\web\filters\CInlineFilter.php(59): CController->filterAccessControl(Object(CFilterChain))
#11 D:\data\Ampps\www\yii\framework\web\filters\CFilterChain.php(131): CInlineFilter->filter(Object(CFilterChain))
#12 D:\data\Ampps\www\yii\framework\web\CController.php(292): CFilterChain->run()
#13 D:\data\Ampps\www\yii\framework\web\CController.php(266): CController->runActionWithFilters(Object(CInlineAction), Array)
#14 D:\data\Ampps\www\yii\framework\web\CWebApplication.php(283): CController->run('planEventAccess...')
#15 D:\data\Ampps\www\yii\framework\web\CWebApplication.php(142): CWebApplication->runController('eventPlanner/pl...')
#16 D:\data\Ampps\www\yii\framework\base\CApplication.php(162): CWebApplication->processRequest()
#17 D:\data\Ampps\www\eventfish\index.php(22): CApplication->run()
#18 {main}
REQUEST_URI=/eventfish/index.php/eventPlanner/planEventAccessoriesAdd/4
---
2013/12/19 06:41:50 [error] [exception.CException] exception 'CException' with message 'CDbCriteria and its behaviors do not have a method or closure named "condition".' in D:\data\Ampps\www\yii\framework\base\CComponent.php:266
Stack trace:
#0 D:\data\Ampps\www\eventfish\protected\controllers\EventPlannerController.php(253): CComponent->__call('condition', Array)
#1 D:\data\Ampps\www\eventfish\protected\controllers\EventPlannerController.php(253): CDbCriteria->condition('amazonProductsC...')
#2 D:\data\Ampps\www\yii\framework\web\actions\CInlineAction.php(50): EventPlannerController->actionPlanEventAccessoriesAdd()
#3 D:\data\Ampps\www\yii\framework\web\CController.php(309): CInlineAction->runWithParams(Array)
#4 D:\data\Ampps\www\yii\framework\web\filters\CFilterChain.php(134): CController->runAction(Object(CInlineAction))
#5 D:\data\Ampps\www\yii\framework\web\filters\CFilter.php(41): CFilterChain->run()
#6 D:\data\Ampps\www\yii\framework\web\CController.php(1146): CFilter->filter(Object(CFilterChain))
#7 D:\data\Ampps\www\yii\framework\web\filters\CInlineFilter.php(59): CController->filterAccessControl(Object(CFilterChain))
#8 D:\data\Ampps\www\yii\framework\web\filters\CFilterChain.php(131): CInlineFilter->filter(Object(CFilterChain))
#9 D:\data\Ampps\www\yii\framework\web\CController.php(292): CFilterChain->run()
#10 D:\data\Ampps\www\yii\framework\web\CController.php(266): CController->runActionWithFilters(Object(CInlineAction), Array)
#11 D:\data\Ampps\www\yii\framework\web\CWebApplication.php(283): CController->run('planEventAccess...')
#12 D:\data\Ampps\www\yii\framework\web\CWebApplication.php(142): CWebApplication->runController('eventPlanner/pl...')
#13 D:\data\Ampps\www\yii\framework\base\CApplication.php(162): CWebApplication->processRequest()
#14 D:\data\Ampps\www\eventfish\index.php(22): CApplication->run()
#15 {main}
REQUEST_URI=/eventfish/index.php/eventPlanner/planEventAccessoriesAdd/4
---
2013/12/19 06:42:07 [error] [system.db.CDbCommand] CDbCommand::fetchAll() failed: SQLSTATE[42S22]: Column not found: 1054 Unknown column 'amazonProductsCategories.category_id' in 'where clause'. The SQL statement executed was: SELECT `t`.`id` AS `t0_c0`, `t`.`amazon_asin_number` AS `t0_c1`, `t`.`amazon_product_id` AS `t0_c2`, `t`.`product_name` AS `t0_c3`, `t`.`product_image` AS `t0_c4`, `t`.`product_description` AS `t0_c5`, `t`.`product_price` AS `t0_c6`, `t`.`amazon_product_detail_page_url` AS `t0_c7`, `t`.`publisher` AS `t0_c8`, `t`.`reviews` AS `t0_c9`, `t`.`created_at` AS `t0_c10`, `t`.`updated_at` AS `t0_c11` FROM `amazon_products` `t`  WHERE (amazonProductsCategories.category_id = 42) LIMIT 5.
in D:\data\Ampps\www\eventfish\protected\controllers\EventPlannerController.php (269)
in D:\data\Ampps\www\eventfish\index.php (22)
2013/12/19 06:42:07 [error] [exception.CDbException] exception 'CDbException' with message 'CDbCommand failed to execute the SQL statement: SQLSTATE[42S22]: Column not found: 1054 Unknown column 'amazonProductsCategories.category_id' in 'where clause'. The SQL statement executed was: SELECT `t`.`id` AS `t0_c0`, `t`.`amazon_asin_number` AS `t0_c1`, `t`.`amazon_product_id` AS `t0_c2`, `t`.`product_name` AS `t0_c3`, `t`.`product_image` AS `t0_c4`, `t`.`product_description` AS `t0_c5`, `t`.`product_price` AS `t0_c6`, `t`.`amazon_product_detail_page_url` AS `t0_c7`, `t`.`publisher` AS `t0_c8`, `t`.`reviews` AS `t0_c9`, `t`.`created_at` AS `t0_c10`, `t`.`updated_at` AS `t0_c11` FROM `amazon_products` `t`  WHERE (amazonProductsCategories.category_id = 42) LIMIT 5' in D:\data\Ampps\www\yii\framework\db\CDbCommand.php:528
Stack trace:
#0 D:\data\Ampps\www\yii\framework\db\CDbCommand.php(390): CDbCommand->queryInternal('fetchAll', Array, Array)
#1 D:\data\Ampps\www\yii\framework\db\ar\CActiveFinder.php(784): CDbCommand->queryAll()
#2 D:\data\Ampps\www\yii\framework\db\ar\CActiveFinder.php(422): CJoinElement->runQuery(Object(CJoinQuery))
#3 D:\data\Ampps\www\yii\framework\db\ar\CActiveFinder.php(70): CJoinElement->find(Object(CDbCriteria))
#4 D:\data\Ampps\www\yii\framework\db\ar\CActiveRecord.php(1296): CActiveFinder->query(Object(CDbCriteria), true)
#5 D:\data\Ampps\www\yii\framework\db\ar\CActiveRecord.php(1410): CActiveRecord->query(Object(CDbCriteria), true)
#6 D:\data\Ampps\www\eventfish\protected\controllers\EventPlannerController.php(269): CActiveRecord->findAll(Object(CDbCriteria))
#7 D:\data\Ampps\www\yii\framework\web\actions\CInlineAction.php(50): EventPlannerController->actionPlanEventAccessoriesAdd()
#8 D:\data\Ampps\www\yii\framework\web\CController.php(309): CInlineAction->runWithParams(Array)
#9 D:\data\Ampps\www\yii\framework\web\filters\CFilterChain.php(134): CController->runAction(Object(CInlineAction))
#10 D:\data\Ampps\www\yii\framework\web\filters\CFilter.php(41): CFilterChain->run()
#11 D:\data\Ampps\www\yii\framework\web\CController.php(1146): CFilter->filter(Object(CFilterChain))
#12 D:\data\Ampps\www\yii\framework\web\filters\CInlineFilter.php(59): CController->filterAccessControl(Object(CFilterChain))
#13 D:\data\Ampps\www\yii\framework\web\filters\CFilterChain.php(131): CInlineFilter->filter(Object(CFilterChain))
#14 D:\data\Ampps\www\yii\framework\web\CController.php(292): CFilterChain->run()
#15 D:\data\Ampps\www\yii\framework\web\CController.php(266): CController->runActionWithFilters(Object(CInlineAction), Array)
#16 D:\data\Ampps\www\yii\framework\web\CWebApplication.php(283): CController->run('planEventAccess...')
#17 D:\data\Ampps\www\yii\framework\web\CWebApplication.php(142): CWebApplication->runController('eventPlanner/pl...')
#18 D:\data\Ampps\www\yii\framework\base\CApplication.php(162): CWebApplication->processRequest()
#19 D:\data\Ampps\www\eventfish\index.php(22): CApplication->run()
#20 {main}
REQUEST_URI=/eventfish/index.php/eventPlanner/planEventAccessoriesAdd/4
---
2013/12/19 06:42:50 [error] [system.db.CDbCommand] CDbCommand::fetchAll() failed: SQLSTATE[42S22]: Column not found: 1054 Unknown column 'amazonProductsCategories.category_id' in 'where clause'. The SQL statement executed was: SELECT `t`.`id` AS `t0_c0`, `t`.`amazon_asin_number` AS `t0_c1`, `t`.`amazon_product_id` AS `t0_c2`, `t`.`product_name` AS `t0_c3`, `t`.`product_image` AS `t0_c4`, `t`.`product_description` AS `t0_c5`, `t`.`product_price` AS `t0_c6`, `t`.`amazon_product_detail_page_url` AS `t0_c7`, `t`.`publisher` AS `t0_c8`, `t`.`reviews` AS `t0_c9`, `t`.`created_at` AS `t0_c10`, `t`.`updated_at` AS `t0_c11` FROM `amazon_products` `t`  WHERE (amazonProductsCategories.category_id LIKE :ycp0) LIMIT 5.
in D:\data\Ampps\www\eventfish\protected\controllers\EventPlannerController.php (269)
in D:\data\Ampps\www\eventfish\index.php (22)
2013/12/19 06:42:50 [error] [exception.CDbException] exception 'CDbException' with message 'CDbCommand failed to execute the SQL statement: SQLSTATE[42S22]: Column not found: 1054 Unknown column 'amazonProductsCategories.category_id' in 'where clause'. The SQL statement executed was: SELECT `t`.`id` AS `t0_c0`, `t`.`amazon_asin_number` AS `t0_c1`, `t`.`amazon_product_id` AS `t0_c2`, `t`.`product_name` AS `t0_c3`, `t`.`product_image` AS `t0_c4`, `t`.`product_description` AS `t0_c5`, `t`.`product_price` AS `t0_c6`, `t`.`amazon_product_detail_page_url` AS `t0_c7`, `t`.`publisher` AS `t0_c8`, `t`.`reviews` AS `t0_c9`, `t`.`created_at` AS `t0_c10`, `t`.`updated_at` AS `t0_c11` FROM `amazon_products` `t`  WHERE (amazonProductsCategories.category_id LIKE :ycp0) LIMIT 5' in D:\data\Ampps\www\yii\framework\db\CDbCommand.php:528
Stack trace:
#0 D:\data\Ampps\www\yii\framework\db\CDbCommand.php(390): CDbCommand->queryInternal('fetchAll', Array, Array)
#1 D:\data\Ampps\www\yii\framework\db\ar\CActiveFinder.php(784): CDbCommand->queryAll()
#2 D:\data\Ampps\www\yii\framework\db\ar\CActiveFinder.php(422): CJoinElement->runQuery(Object(CJoinQuery))
#3 D:\data\Ampps\www\yii\framework\db\ar\CActiveFinder.php(70): CJoinElement->find(Object(CDbCriteria))
#4 D:\data\Ampps\www\yii\framework\db\ar\CActiveRecord.php(1296): CActiveFinder->query(Object(CDbCriteria), true)
#5 D:\data\Ampps\www\yii\framework\db\ar\CActiveRecord.php(1410): CActiveRecord->query(Object(CDbCriteria), true)
#6 D:\data\Ampps\www\eventfish\protected\controllers\EventPlannerController.php(269): CActiveRecord->findAll(Object(CDbCriteria))
#7 D:\data\Ampps\www\yii\framework\web\actions\CInlineAction.php(50): EventPlannerController->actionPlanEventAccessoriesAdd()
#8 D:\data\Ampps\www\yii\framework\web\CController.php(309): CInlineAction->runWithParams(Array)
#9 D:\data\Ampps\www\yii\framework\web\filters\CFilterChain.php(134): CController->runAction(Object(CInlineAction))
#10 D:\data\Ampps\www\yii\framework\web\filters\CFilter.php(41): CFilterChain->run()
#11 D:\data\Ampps\www\yii\framework\web\CController.php(1146): CFilter->filter(Object(CFilterChain))
#12 D:\data\Ampps\www\yii\framework\web\filters\CInlineFilter.php(59): CController->filterAccessControl(Object(CFilterChain))
#13 D:\data\Ampps\www\yii\framework\web\filters\CFilterChain.php(131): CInlineFilter->filter(Object(CFilterChain))
#14 D:\data\Ampps\www\yii\framework\web\CController.php(292): CFilterChain->run()
#15 D:\data\Ampps\www\yii\framework\web\CController.php(266): CController->runActionWithFilters(Object(CInlineAction), Array)
#16 D:\data\Ampps\www\yii\framework\web\CWebApplication.php(283): CController->run('planEventAccess...')
#17 D:\data\Ampps\www\yii\framework\web\CWebApplication.php(142): CWebApplication->runController('eventPlanner/pl...')
#18 D:\data\Ampps\www\yii\framework\base\CApplication.php(162): CWebApplication->processRequest()
#19 D:\data\Ampps\www\eventfish\index.php(22): CApplication->run()
#20 {main}
REQUEST_URI=/eventfish/index.php/eventPlanner/planEventAccessoriesAdd/4
---
2013/12/19 06:43:11 [error] [system.db.CDbCommand] CDbCommand::fetchAll() failed: SQLSTATE[42S22]: Column not found: 1054 Unknown column 'amazonProductsCategories.category_id' in 'where clause'. The SQL statement executed was: SELECT `t`.`id` AS `t0_c0`, `t`.`amazon_asin_number` AS `t0_c1`, `t`.`amazon_product_id` AS `t0_c2`, `t`.`product_name` AS `t0_c3`, `t`.`product_image` AS `t0_c4`, `t`.`product_description` AS `t0_c5`, `t`.`product_price` AS `t0_c6`, `t`.`amazon_product_detail_page_url` AS `t0_c7`, `t`.`publisher` AS `t0_c8`, `t`.`reviews` AS `t0_c9`, `t`.`created_at` AS `t0_c10`, `t`.`updated_at` AS `t0_c11` FROM `amazon_products` `t`  WHERE (amazonProductsCategories.category_id LIKE :ycp0) LIMIT 5.
in D:\data\Ampps\www\eventfish\protected\controllers\EventPlannerController.php (269)
in D:\data\Ampps\www\eventfish\index.php (22)
2013/12/19 06:43:11 [error] [exception.CDbException] exception 'CDbException' with message 'CDbCommand failed to execute the SQL statement: SQLSTATE[42S22]: Column not found: 1054 Unknown column 'amazonProductsCategories.category_id' in 'where clause'. The SQL statement executed was: SELECT `t`.`id` AS `t0_c0`, `t`.`amazon_asin_number` AS `t0_c1`, `t`.`amazon_product_id` AS `t0_c2`, `t`.`product_name` AS `t0_c3`, `t`.`product_image` AS `t0_c4`, `t`.`product_description` AS `t0_c5`, `t`.`product_price` AS `t0_c6`, `t`.`amazon_product_detail_page_url` AS `t0_c7`, `t`.`publisher` AS `t0_c8`, `t`.`reviews` AS `t0_c9`, `t`.`created_at` AS `t0_c10`, `t`.`updated_at` AS `t0_c11` FROM `amazon_products` `t`  WHERE (amazonProductsCategories.category_id LIKE :ycp0) LIMIT 5' in D:\data\Ampps\www\yii\framework\db\CDbCommand.php:528
Stack trace:
#0 D:\data\Ampps\www\yii\framework\db\CDbCommand.php(390): CDbCommand->queryInternal('fetchAll', Array, Array)
#1 D:\data\Ampps\www\yii\framework\db\ar\CActiveFinder.php(784): CDbCommand->queryAll()
#2 D:\data\Ampps\www\yii\framework\db\ar\CActiveFinder.php(422): CJoinElement->runQuery(Object(CJoinQuery))
#3 D:\data\Ampps\www\yii\framework\db\ar\CActiveFinder.php(70): CJoinElement->find(Object(CDbCriteria))
#4 D:\data\Ampps\www\yii\framework\db\ar\CActiveRecord.php(1296): CActiveFinder->query(Object(CDbCriteria), true)
#5 D:\data\Ampps\www\yii\framework\db\ar\CActiveRecord.php(1410): CActiveRecord->query(Object(CDbCriteria), true)
#6 D:\data\Ampps\www\eventfish\protected\controllers\EventPlannerController.php(269): CActiveRecord->findAll(Object(CDbCriteria))
#7 D:\data\Ampps\www\yii\framework\web\actions\CInlineAction.php(50): EventPlannerController->actionPlanEventAccessoriesAdd()
#8 D:\data\Ampps\www\yii\framework\web\CController.php(309): CInlineAction->runWithParams(Array)
#9 D:\data\Ampps\www\yii\framework\web\filters\CFilterChain.php(134): CController->runAction(Object(CInlineAction))
#10 D:\data\Ampps\www\yii\framework\web\filters\CFilter.php(41): CFilterChain->run()
#11 D:\data\Ampps\www\yii\framework\web\CController.php(1146): CFilter->filter(Object(CFilterChain))
#12 D:\data\Ampps\www\yii\framework\web\filters\CInlineFilter.php(59): CController->filterAccessControl(Object(CFilterChain))
#13 D:\data\Ampps\www\yii\framework\web\filters\CFilterChain.php(131): CInlineFilter->filter(Object(CFilterChain))
#14 D:\data\Ampps\www\yii\framework\web\CController.php(292): CFilterChain->run()
#15 D:\data\Ampps\www\yii\framework\web\CController.php(266): CController->runActionWithFilters(Object(CInlineAction), Array)
#16 D:\data\Ampps\www\yii\framework\web\CWebApplication.php(283): CController->run('planEventAccess...')
#17 D:\data\Ampps\www\yii\framework\web\CWebApplication.php(142): CWebApplication->runController('eventPlanner/pl...')
#18 D:\data\Ampps\www\yii\framework\base\CApplication.php(162): CWebApplication->processRequest()
#19 D:\data\Ampps\www\eventfish\index.php(22): CApplication->run()
#20 {main}
REQUEST_URI=/eventfish/index.php/eventPlanner/planEventAccessoriesAdd/4
---
2013/12/19 06:43:30 [error] [system.db.CDbCommand] CDbCommand::fetchColumn() failed: SQLSTATE[42S22]: Column not found: 1054 Unknown column 't.category_id' in 'where clause'. The SQL statement executed was: SELECT COUNT(DISTINCT `t`.`id`) FROM `amazon_products` `t`  LEFT OUTER JOIN `amazon_products_categories` `amazonProductsCategories` ON (`amazonProductsCategories`.`product_id`=`t`.`id`)  WHERE (t.category_id LIKE :ycp0).
in D:\data\Ampps\www\eventfish\protected\controllers\EventPlannerController.php (254)
in D:\data\Ampps\www\eventfish\index.php (22)
2013/12/19 06:43:30 [error] [exception.CDbException] exception 'CDbException' with message 'CDbCommand failed to execute the SQL statement: SQLSTATE[42S22]: Column not found: 1054 Unknown column 't.category_id' in 'where clause'. The SQL statement executed was: SELECT COUNT(DISTINCT `t`.`id`) FROM `amazon_products` `t`  LEFT OUTER JOIN `amazon_products_categories` `amazonProductsCategories` ON (`amazonProductsCategories`.`product_id`=`t`.`id`)  WHERE (t.category_id LIKE :ycp0)' in D:\data\Ampps\www\yii\framework\db\CDbCommand.php:528
Stack trace:
#0 D:\data\Ampps\www\yii\framework\db\CDbCommand.php(425): CDbCommand->queryInternal('fetchColumn', 0, Array)
#1 D:\data\Ampps\www\yii\framework\db\ar\CActiveFinder.php(728): CDbCommand->queryScalar()
#2 D:\data\Ampps\www\yii\framework\db\ar\CActiveFinder.php(155): CJoinElement->count(Object(CDbCriteria))
#3 D:\data\Ampps\www\yii\framework\db\ar\CActiveRecord.php(1544): CActiveFinder->count(Object(CDbCriteria))
#4 D:\data\Ampps\www\eventfish\protected\controllers\EventPlannerController.php(254): CActiveRecord->count(Object(CDbCriteria))
#5 D:\data\Ampps\www\yii\framework\web\actions\CInlineAction.php(50): EventPlannerController->actionPlanEventAccessoriesAdd()
#6 D:\data\Ampps\www\yii\framework\web\CController.php(309): CInlineAction->runWithParams(Array)
#7 D:\data\Ampps\www\yii\framework\web\filters\CFilterChain.php(134): CController->runAction(Object(CInlineAction))
#8 D:\data\Ampps\www\yii\framework\web\filters\CFilter.php(41): CFilterChain->run()
#9 D:\data\Ampps\www\yii\framework\web\CController.php(1146): CFilter->filter(Object(CFilterChain))
#10 D:\data\Ampps\www\yii\framework\web\filters\CInlineFilter.php(59): CController->filterAccessControl(Object(CFilterChain))
#11 D:\data\Ampps\www\yii\framework\web\filters\CFilterChain.php(131): CInlineFilter->filter(Object(CFilterChain))
#12 D:\data\Ampps\www\yii\framework\web\CController.php(292): CFilterChain->run()
#13 D:\data\Ampps\www\yii\framework\web\CController.php(266): CController->runActionWithFilters(Object(CInlineAction), Array)
#14 D:\data\Ampps\www\yii\framework\web\CWebApplication.php(283): CController->run('planEventAccess...')
#15 D:\data\Ampps\www\yii\framework\web\CWebApplication.php(142): CWebApplication->runController('eventPlanner/pl...')
#16 D:\data\Ampps\www\yii\framework\base\CApplication.php(162): CWebApplication->processRequest()
#17 D:\data\Ampps\www\eventfish\index.php(22): CApplication->run()
#18 {main}
REQUEST_URI=/eventfish/index.php/eventPlanner/planEventAccessoriesAdd/4
---
2013/12/19 06:44:26 [error] [system.db.CDbCommand] CDbCommand::fetchAll() failed: SQLSTATE[42S22]: Column not found: 1054 Unknown column 'category_id' in 'where clause'. The SQL statement executed was: SELECT `t`.`id` AS `t0_c0`, `t`.`amazon_asin_number` AS `t0_c1`, `t`.`amazon_product_id` AS `t0_c2`, `t`.`product_name` AS `t0_c3`, `t`.`product_image` AS `t0_c4`, `t`.`product_description` AS `t0_c5`, `t`.`product_price` AS `t0_c6`, `t`.`amazon_product_detail_page_url` AS `t0_c7`, `t`.`publisher` AS `t0_c8`, `t`.`reviews` AS `t0_c9`, `t`.`created_at` AS `t0_c10`, `t`.`updated_at` AS `t0_c11` FROM `amazon_products` `t`  WHERE (category_id LIKE :ycp0) LIMIT 5.
in D:\data\Ampps\www\eventfish\protected\controllers\EventPlannerController.php (269)
in D:\data\Ampps\www\eventfish\index.php (22)
2013/12/19 06:44:26 [error] [exception.CDbException] exception 'CDbException' with message 'CDbCommand failed to execute the SQL statement: SQLSTATE[42S22]: Column not found: 1054 Unknown column 'category_id' in 'where clause'. The SQL statement executed was: SELECT `t`.`id` AS `t0_c0`, `t`.`amazon_asin_number` AS `t0_c1`, `t`.`amazon_product_id` AS `t0_c2`, `t`.`product_name` AS `t0_c3`, `t`.`product_image` AS `t0_c4`, `t`.`product_description` AS `t0_c5`, `t`.`product_price` AS `t0_c6`, `t`.`amazon_product_detail_page_url` AS `t0_c7`, `t`.`publisher` AS `t0_c8`, `t`.`reviews` AS `t0_c9`, `t`.`created_at` AS `t0_c10`, `t`.`updated_at` AS `t0_c11` FROM `amazon_products` `t`  WHERE (category_id LIKE :ycp0) LIMIT 5' in D:\data\Ampps\www\yii\framework\db\CDbCommand.php:528
Stack trace:
#0 D:\data\Ampps\www\yii\framework\db\CDbCommand.php(390): CDbCommand->queryInternal('fetchAll', Array, Array)
#1 D:\data\Ampps\www\yii\framework\db\ar\CActiveFinder.php(784): CDbCommand->queryAll()
#2 D:\data\Ampps\www\yii\framework\db\ar\CActiveFinder.php(422): CJoinElement->runQuery(Object(CJoinQuery))
#3 D:\data\Ampps\www\yii\framework\db\ar\CActiveFinder.php(70): CJoinElement->find(Object(CDbCriteria))
#4 D:\data\Ampps\www\yii\framework\db\ar\CActiveRecord.php(1296): CActiveFinder->query(Object(CDbCriteria), true)
#5 D:\data\Ampps\www\yii\framework\db\ar\CActiveRecord.php(1410): CActiveRecord->query(Object(CDbCriteria), true)
#6 D:\data\Ampps\www\eventfish\protected\controllers\EventPlannerController.php(269): CActiveRecord->findAll(Object(CDbCriteria))
#7 D:\data\Ampps\www\yii\framework\web\actions\CInlineAction.php(50): EventPlannerController->actionPlanEventAccessoriesAdd()
#8 D:\data\Ampps\www\yii\framework\web\CController.php(309): CInlineAction->runWithParams(Array)
#9 D:\data\Ampps\www\yii\framework\web\filters\CFilterChain.php(134): CController->runAction(Object(CInlineAction))
#10 D:\data\Ampps\www\yii\framework\web\filters\CFilter.php(41): CFilterChain->run()
#11 D:\data\Ampps\www\yii\framework\web\CController.php(1146): CFilter->filter(Object(CFilterChain))
#12 D:\data\Ampps\www\yii\framework\web\filters\CInlineFilter.php(59): CController->filterAccessControl(Object(CFilterChain))
#13 D:\data\Ampps\www\yii\framework\web\filters\CFilterChain.php(131): CInlineFilter->filter(Object(CFilterChain))
#14 D:\data\Ampps\www\yii\framework\web\CController.php(292): CFilterChain->run()
#15 D:\data\Ampps\www\yii\framework\web\CController.php(266): CController->runActionWithFilters(Object(CInlineAction), Array)
#16 D:\data\Ampps\www\yii\framework\web\CWebApplication.php(283): CController->run('planEventAccess...')
#17 D:\data\Ampps\www\yii\framework\web\CWebApplication.php(142): CWebApplication->runController('eventPlanner/pl...')
#18 D:\data\Ampps\www\yii\framework\base\CApplication.php(162): CWebApplication->processRequest()
#19 D:\data\Ampps\www\eventfish\index.php(22): CApplication->run()
#20 {main}
REQUEST_URI=/eventfish/index.php/eventPlanner/planEventAccessoriesAdd/4
---
2013/12/19 06:45:32 [error] [system.db.CDbCommand] CDbCommand::fetchAll() failed: SQLSTATE[42S22]: Column not found: 1054 Unknown column 'amazonProductsCategories.product_id' in 'where clause'. The SQL statement executed was: SELECT `t`.`id` AS `t0_c0`, `t`.`amazon_asin_number` AS `t0_c1`, `t`.`amazon_product_id` AS `t0_c2`, `t`.`product_name` AS `t0_c3`, `t`.`product_image` AS `t0_c4`, `t`.`product_description` AS `t0_c5`, `t`.`product_price` AS `t0_c6`, `t`.`amazon_product_detail_page_url` AS `t0_c7`, `t`.`publisher` AS `t0_c8`, `t`.`reviews` AS `t0_c9`, `t`.`created_at` AS `t0_c10`, `t`.`updated_at` AS `t0_c11` FROM `amazon_products` `t`  WHERE (amazonProductsCategories.product_id LIKE :ycp0) LIMIT 5.
in D:\data\Ampps\www\eventfish\protected\controllers\EventPlannerController.php (269)
in D:\data\Ampps\www\eventfish\index.php (22)
2013/12/19 06:45:32 [error] [exception.CDbException] exception 'CDbException' with message 'CDbCommand failed to execute the SQL statement: SQLSTATE[42S22]: Column not found: 1054 Unknown column 'amazonProductsCategories.product_id' in 'where clause'. The SQL statement executed was: SELECT `t`.`id` AS `t0_c0`, `t`.`amazon_asin_number` AS `t0_c1`, `t`.`amazon_product_id` AS `t0_c2`, `t`.`product_name` AS `t0_c3`, `t`.`product_image` AS `t0_c4`, `t`.`product_description` AS `t0_c5`, `t`.`product_price` AS `t0_c6`, `t`.`amazon_product_detail_page_url` AS `t0_c7`, `t`.`publisher` AS `t0_c8`, `t`.`reviews` AS `t0_c9`, `t`.`created_at` AS `t0_c10`, `t`.`updated_at` AS `t0_c11` FROM `amazon_products` `t`  WHERE (amazonProductsCategories.product_id LIKE :ycp0) LIMIT 5' in D:\data\Ampps\www\yii\framework\db\CDbCommand.php:528
Stack trace:
#0 D:\data\Ampps\www\yii\framework\db\CDbCommand.php(390): CDbCommand->queryInternal('fetchAll', Array, Array)
#1 D:\data\Ampps\www\yii\framework\db\ar\CActiveFinder.php(784): CDbCommand->queryAll()
#2 D:\data\Ampps\www\yii\framework\db\ar\CActiveFinder.php(422): CJoinElement->runQuery(Object(CJoinQuery))
#3 D:\data\Ampps\www\yii\framework\db\ar\CActiveFinder.php(70): CJoinElement->find(Object(CDbCriteria))
#4 D:\data\Ampps\www\yii\framework\db\ar\CActiveRecord.php(1296): CActiveFinder->query(Object(CDbCriteria), true)
#5 D:\data\Ampps\www\yii\framework\db\ar\CActiveRecord.php(1410): CActiveRecord->query(Object(CDbCriteria), true)
#6 D:\data\Ampps\www\eventfish\protected\controllers\EventPlannerController.php(269): CActiveRecord->findAll(Object(CDbCriteria))
#7 D:\data\Ampps\www\yii\framework\web\actions\CInlineAction.php(50): EventPlannerController->actionPlanEventAccessoriesAdd()
#8 D:\data\Ampps\www\yii\framework\web\CController.php(309): CInlineAction->runWithParams(Array)
#9 D:\data\Ampps\www\yii\framework\web\filters\CFilterChain.php(134): CController->runAction(Object(CInlineAction))
#10 D:\data\Ampps\www\yii\framework\web\filters\CFilter.php(41): CFilterChain->run()
#11 D:\data\Ampps\www\yii\framework\web\CController.php(1146): CFilter->filter(Object(CFilterChain))
#12 D:\data\Ampps\www\yii\framework\web\filters\CInlineFilter.php(59): CController->filterAccessControl(Object(CFilterChain))
#13 D:\data\Ampps\www\yii\framework\web\filters\CFilterChain.php(131): CInlineFilter->filter(Object(CFilterChain))
#14 D:\data\Ampps\www\yii\framework\web\CController.php(292): CFilterChain->run()
#15 D:\data\Ampps\www\yii\framework\web\CController.php(266): CController->runActionWithFilters(Object(CInlineAction), Array)
#16 D:\data\Ampps\www\yii\framework\web\CWebApplication.php(283): CController->run('planEventAccess...')
#17 D:\data\Ampps\www\yii\framework\web\CWebApplication.php(142): CWebApplication->runController('eventPlanner/pl...')
#18 D:\data\Ampps\www\yii\framework\base\CApplication.php(162): CWebApplication->processRequest()
#19 D:\data\Ampps\www\eventfish\index.php(22): CApplication->run()
#20 {main}
REQUEST_URI=/eventfish/index.php/eventPlanner/planEventAccessoriesAdd/4
---
2013/12/19 06:46:08 [error] [exception.CException] exception 'CException' with message 'CDbCriteria and its behaviors do not have a method or closure named "select".' in D:\data\Ampps\www\yii\framework\base\CComponent.php:266
Stack trace:
#0 D:\data\Ampps\www\eventfish\protected\controllers\EventPlannerController.php(252): CComponent->__call('select', Array)
#1 D:\data\Ampps\www\eventfish\protected\controllers\EventPlannerController.php(252): CDbCriteria->select('amazonProductsC...')
#2 D:\data\Ampps\www\yii\framework\web\actions\CInlineAction.php(50): EventPlannerController->actionPlanEventAccessoriesAdd()
#3 D:\data\Ampps\www\yii\framework\web\CController.php(309): CInlineAction->runWithParams(Array)
#4 D:\data\Ampps\www\yii\framework\web\filters\CFilterChain.php(134): CController->runAction(Object(CInlineAction))
#5 D:\data\Ampps\www\yii\framework\web\filters\CFilter.php(41): CFilterChain->run()
#6 D:\data\Ampps\www\yii\framework\web\CController.php(1146): CFilter->filter(Object(CFilterChain))
#7 D:\data\Ampps\www\yii\framework\web\filters\CInlineFilter.php(59): CController->filterAccessControl(Object(CFilterChain))
#8 D:\data\Ampps\www\yii\framework\web\filters\CFilterChain.php(131): CInlineFilter->filter(Object(CFilterChain))
#9 D:\data\Ampps\www\yii\framework\web\CController.php(292): CFilterChain->run()
#10 D:\data\Ampps\www\yii\framework\web\CController.php(266): CController->runActionWithFilters(Object(CInlineAction), Array)
#11 D:\data\Ampps\www\yii\framework\web\CWebApplication.php(283): CController->run('planEventAccess...')
#12 D:\data\Ampps\www\yii\framework\web\CWebApplication.php(142): CWebApplication->runController('eventPlanner/pl...')
#13 D:\data\Ampps\www\yii\framework\base\CApplication.php(162): CWebApplication->processRequest()
#14 D:\data\Ampps\www\eventfish\index.php(22): CApplication->run()
#15 {main}
REQUEST_URI=/eventfish/index.php/eventPlanner/planEventAccessoriesAdd/4
---
2013/12/19 06:46:24 [error] [exception.CDbException] exception 'CDbException' with message 'Active record "AmazonProducts" is trying to select an invalid column "amazonProductsCategories.category_id". Note, the column must exist in the table or be an expression with alias.' in D:\data\Ampps\www\yii\framework\db\ar\CActiveFinder.php:940
Stack trace:
#0 D:\data\Ampps\www\yii\framework\db\ar\CActiveFinder.php(1232): CJoinElement->getColumnSelect('amazonProductsC...')
#1 D:\data\Ampps\www\yii\framework\db\ar\CActiveFinder.php(706): CJoinQuery->__construct(Object(CJoinElement), Object(CDbCriteria))
#2 D:\data\Ampps\www\yii\framework\db\ar\CActiveFinder.php(155): CJoinElement->count(Object(CDbCriteria))
#3 D:\data\Ampps\www\yii\framework\db\ar\CActiveRecord.php(1544): CActiveFinder->count(Object(CDbCriteria))
#4 D:\data\Ampps\www\eventfish\protected\controllers\EventPlannerController.php(255): CActiveRecord->count(Object(CDbCriteria))
#5 D:\data\Ampps\www\yii\framework\web\actions\CInlineAction.php(50): EventPlannerController->actionPlanEventAccessoriesAdd()
#6 D:\data\Ampps\www\yii\framework\web\CController.php(309): CInlineAction->runWithParams(Array)
#7 D:\data\Ampps\www\yii\framework\web\filters\CFilterChain.php(134): CController->runAction(Object(CInlineAction))
#8 D:\data\Ampps\www\yii\framework\web\filters\CFilter.php(41): CFilterChain->run()
#9 D:\data\Ampps\www\yii\framework\web\CController.php(1146): CFilter->filter(Object(CFilterChain))
#10 D:\data\Ampps\www\yii\framework\web\filters\CInlineFilter.php(59): CController->filterAccessControl(Object(CFilterChain))
#11 D:\data\Ampps\www\yii\framework\web\filters\CFilterChain.php(131): CInlineFilter->filter(Object(CFilterChain))
#12 D:\data\Ampps\www\yii\framework\web\CController.php(292): CFilterChain->run()
#13 D:\data\Ampps\www\yii\framework\web\CController.php(266): CController->runActionWithFilters(Object(CInlineAction), Array)
#14 D:\data\Ampps\www\yii\framework\web\CWebApplication.php(283): CController->run('planEventAccess...')
#15 D:\data\Ampps\www\yii\framework\web\CWebApplication.php(142): CWebApplication->runController('eventPlanner/pl...')
#16 D:\data\Ampps\www\yii\framework\base\CApplication.php(162): CWebApplication->processRequest()
#17 D:\data\Ampps\www\eventfish\index.php(22): CApplication->run()
#18 {main}
REQUEST_URI=/eventfish/index.php/eventPlanner/planEventAccessoriesAdd/4
---
2013/12/19 06:46:51 [error] [exception.CDbException] exception 'CDbException' with message 'Active record "AmazonProducts" is trying to select an invalid column "AmazonProductsCategories.category_id". Note, the column must exist in the table or be an expression with alias.' in D:\data\Ampps\www\yii\framework\db\ar\CActiveFinder.php:940
Stack trace:
#0 D:\data\Ampps\www\yii\framework\db\ar\CActiveFinder.php(1232): CJoinElement->getColumnSelect('AmazonProductsC...')
#1 D:\data\Ampps\www\yii\framework\db\ar\CActiveFinder.php(706): CJoinQuery->__construct(Object(CJoinElement), Object(CDbCriteria))
#2 D:\data\Ampps\www\yii\framework\db\ar\CActiveFinder.php(155): CJoinElement->count(Object(CDbCriteria))
#3 D:\data\Ampps\www\yii\framework\db\ar\CActiveRecord.php(1544): CActiveFinder->count(Object(CDbCriteria))
#4 D:\data\Ampps\www\eventfish\protected\controllers\EventPlannerController.php(255): CActiveRecord->count(Object(CDbCriteria))
#5 D:\data\Ampps\www\yii\framework\web\actions\CInlineAction.php(50): EventPlannerController->actionPlanEventAccessoriesAdd()
#6 D:\data\Ampps\www\yii\framework\web\CController.php(309): CInlineAction->runWithParams(Array)
#7 D:\data\Ampps\www\yii\framework\web\filters\CFilterChain.php(134): CController->runAction(Object(CInlineAction))
#8 D:\data\Ampps\www\yii\framework\web\filters\CFilter.php(41): CFilterChain->run()
#9 D:\data\Ampps\www\yii\framework\web\CController.php(1146): CFilter->filter(Object(CFilterChain))
#10 D:\data\Ampps\www\yii\framework\web\filters\CInlineFilter.php(59): CController->filterAccessControl(Object(CFilterChain))
#11 D:\data\Ampps\www\yii\framework\web\filters\CFilterChain.php(131): CInlineFilter->filter(Object(CFilterChain))
#12 D:\data\Ampps\www\yii\framework\web\CController.php(292): CFilterChain->run()
#13 D:\data\Ampps\www\yii\framework\web\CController.php(266): CController->runActionWithFilters(Object(CInlineAction), Array)
#14 D:\data\Ampps\www\yii\framework\web\CWebApplication.php(283): CController->run('planEventAccess...')
#15 D:\data\Ampps\www\yii\framework\web\CWebApplication.php(142): CWebApplication->runController('eventPlanner/pl...')
#16 D:\data\Ampps\www\yii\framework\base\CApplication.php(162): CWebApplication->processRequest()
#17 D:\data\Ampps\www\eventfish\index.php(22): CApplication->run()
#18 {main}
REQUEST_URI=/eventfish/index.php/eventPlanner/planEventAccessoriesAdd/4
---
2013/12/19 06:47:05 [error] [system.db.CDbCommand] CDbCommand::fetchAll() failed: SQLSTATE[42S22]: Column not found: 1054 Unknown column 'amazonProductsCategories.category_id' in 'where clause'. The SQL statement executed was: SELECT `t`.`id` AS `t0_c0`, `t`.`amazon_asin_number` AS `t0_c1`, `t`.`amazon_product_id` AS `t0_c2`, `t`.`product_name` AS `t0_c3`, `t`.`product_image` AS `t0_c4`, `t`.`product_description` AS `t0_c5`, `t`.`product_price` AS `t0_c6`, `t`.`amazon_product_detail_page_url` AS `t0_c7`, `t`.`publisher` AS `t0_c8`, `t`.`reviews` AS `t0_c9`, `t`.`created_at` AS `t0_c10`, `t`.`updated_at` AS `t0_c11` FROM `amazon_products` `t`  WHERE (amazonProductsCategories.category_id LIKE :ycp0) LIMIT 5.
in D:\data\Ampps\www\eventfish\protected\controllers\EventPlannerController.php (270)
in D:\data\Ampps\www\eventfish\index.php (22)
2013/12/19 06:47:05 [error] [exception.CDbException] exception 'CDbException' with message 'CDbCommand failed to execute the SQL statement: SQLSTATE[42S22]: Column not found: 1054 Unknown column 'amazonProductsCategories.category_id' in 'where clause'. The SQL statement executed was: SELECT `t`.`id` AS `t0_c0`, `t`.`amazon_asin_number` AS `t0_c1`, `t`.`amazon_product_id` AS `t0_c2`, `t`.`product_name` AS `t0_c3`, `t`.`product_image` AS `t0_c4`, `t`.`product_description` AS `t0_c5`, `t`.`product_price` AS `t0_c6`, `t`.`amazon_product_detail_page_url` AS `t0_c7`, `t`.`publisher` AS `t0_c8`, `t`.`reviews` AS `t0_c9`, `t`.`created_at` AS `t0_c10`, `t`.`updated_at` AS `t0_c11` FROM `amazon_products` `t`  WHERE (amazonProductsCategories.category_id LIKE :ycp0) LIMIT 5' in D:\data\Ampps\www\yii\framework\db\CDbCommand.php:528
Stack trace:
#0 D:\data\Ampps\www\yii\framework\db\CDbCommand.php(390): CDbCommand->queryInternal('fetchAll', Array, Array)
#1 D:\data\Ampps\www\yii\framework\db\ar\CActiveFinder.php(784): CDbCommand->queryAll()
#2 D:\data\Ampps\www\yii\framework\db\ar\CActiveFinder.php(422): CJoinElement->runQuery(Object(CJoinQuery))
#3 D:\data\Ampps\www\yii\framework\db\ar\CActiveFinder.php(70): CJoinElement->find(Object(CDbCriteria))
#4 D:\data\Ampps\www\yii\framework\db\ar\CActiveRecord.php(1296): CActiveFinder->query(Object(CDbCriteria), true)
#5 D:\data\Ampps\www\yii\framework\db\ar\CActiveRecord.php(1410): CActiveRecord->query(Object(CDbCriteria), true)
#6 D:\data\Ampps\www\eventfish\protected\controllers\EventPlannerController.php(270): CActiveRecord->findAll(Object(CDbCriteria))
#7 D:\data\Ampps\www\yii\framework\web\actions\CInlineAction.php(50): EventPlannerController->actionPlanEventAccessoriesAdd()
#8 D:\data\Ampps\www\yii\framework\web\CController.php(309): CInlineAction->runWithParams(Array)
#9 D:\data\Ampps\www\yii\framework\web\filters\CFilterChain.php(134): CController->runAction(Object(CInlineAction))
#10 D:\data\Ampps\www\yii\framework\web\filters\CFilter.php(41): CFilterChain->run()
#11 D:\data\Ampps\www\yii\framework\web\CController.php(1146): CFilter->filter(Object(CFilterChain))
#12 D:\data\Ampps\www\yii\framework\web\filters\CInlineFilter.php(59): CController->filterAccessControl(Object(CFilterChain))
#13 D:\data\Ampps\www\yii\framework\web\filters\CFilterChain.php(131): CInlineFilter->filter(Object(CFilterChain))
#14 D:\data\Ampps\www\yii\framework\web\CController.php(292): CFilterChain->run()
#15 D:\data\Ampps\www\yii\framework\web\CController.php(266): CController->runActionWithFilters(Object(CInlineAction), Array)
#16 D:\data\Ampps\www\yii\framework\web\CWebApplication.php(283): CController->run('planEventAccess...')
#17 D:\data\Ampps\www\yii\framework\web\CWebApplication.php(142): CWebApplication->runController('eventPlanner/pl...')
#18 D:\data\Ampps\www\yii\framework\base\CApplication.php(162): CWebApplication->processRequest()
#19 D:\data\Ampps\www\eventfish\index.php(22): CApplication->run()
#20 {main}
REQUEST_URI=/eventfish/index.php/eventPlanner/planEventAccessoriesAdd/4
---
2013/12/19 07:07:49 [error] [php] Undefined variable: model2 (D:\data\Ampps\www\eventfish\protected\views\eventPlanner\planEventAccessoriesAdd.php:349)
Stack trace:
#0 D:\data\Ampps\www\yii\framework\web\CController.php(870): EventPlannerController->renderFile()
#1 D:\data\Ampps\www\yii\framework\web\CController.php(783): EventPlannerController->renderPartial()
#2 D:\data\Ampps\www\eventfish\protected\controllers\EventPlannerController.php(296): EventPlannerController->render()
#3 D:\data\Ampps\www\yii\framework\web\actions\CInlineAction.php(50): EventPlannerController->actionPlanEventAccessoriesAdd()
#4 D:\data\Ampps\www\yii\framework\web\CController.php(309): CInlineAction->runWithParams()
#5 D:\data\Ampps\www\yii\framework\web\filters\CFilterChain.php(134): EventPlannerController->runAction()
#6 D:\data\Ampps\www\yii\framework\web\filters\CFilter.php(41): CFilterChain->run()
#7 D:\data\Ampps\www\yii\framework\web\CController.php(1146): CAccessControlFilter->filter()
#8 D:\data\Ampps\www\yii\framework\web\filters\CInlineFilter.php(59): EventPlannerController->filterAccessControl()
#9 D:\data\Ampps\www\yii\framework\web\filters\CFilterChain.php(131): CInlineFilter->filter()
#10 D:\data\Ampps\www\yii\framework\web\CController.php(292): CFilterChain->run()
#11 D:\data\Ampps\www\yii\framework\web\CController.php(266): EventPlannerController->runActionWithFilters()
#12 D:\data\Ampps\www\yii\framework\web\CWebApplication.php(283): EventPlannerController->run()
#13 D:\data\Ampps\www\yii\framework\web\CWebApplication.php(142): CWebApplication->runController()
#14 D:\data\Ampps\www\yii\framework\base\CApplication.php(162): CWebApplication->processRequest()
#15 D:\data\Ampps\www\eventfish\index.php(22): CWebApplication->run()
REQUEST_URI=/eventfish/index.php/eventPlanner/planEventAccessoriesAdd/4
in D:\data\Ampps\www\eventfish\protected\views\eventPlanner\planEventAccessoriesAdd.php (349)
in D:\data\Ampps\www\eventfish\protected\controllers\EventPlannerController.php (296)
in D:\data\Ampps\www\eventfish\index.php (22)
2013/12/19 08:42:14 [error] [php] Undefined variable: totalPage (D:\data\Ampps\www\eventfish\protected\views\eventPlanner\planEventAccessoriesAdd.php:152)
Stack trace:
#0 D:\data\Ampps\www\yii\framework\web\CController.php(870): EventPlannerController->renderFile()
#1 D:\data\Ampps\www\yii\framework\web\CController.php(783): EventPlannerController->renderPartial()
#2 D:\data\Ampps\www\eventfish\protected\controllers\EventPlannerController.php(298): EventPlannerController->render()
#3 D:\data\Ampps\www\yii\framework\web\actions\CInlineAction.php(50): EventPlannerController->actionPlanEventAccessoriesAdd()
#4 D:\data\Ampps\www\yii\framework\web\CController.php(309): CInlineAction->runWithParams()
#5 D:\data\Ampps\www\yii\framework\web\filters\CFilterChain.php(134): EventPlannerController->runAction()
#6 D:\data\Ampps\www\yii\framework\web\filters\CFilter.php(41): CFilterChain->run()
#7 D:\data\Ampps\www\yii\framework\web\CController.php(1146): CAccessControlFilter->filter()
#8 D:\data\Ampps\www\yii\framework\web\filters\CInlineFilter.php(59): EventPlannerController->filterAccessControl()
#9 D:\data\Ampps\www\yii\framework\web\filters\CFilterChain.php(131): CInlineFilter->filter()
#10 D:\data\Ampps\www\yii\framework\web\CController.php(292): CFilterChain->run()
#11 D:\data\Ampps\www\yii\framework\web\CController.php(266): EventPlannerController->runActionWithFilters()
#12 D:\data\Ampps\www\yii\framework\web\CWebApplication.php(283): EventPlannerController->run()
#13 D:\data\Ampps\www\yii\framework\web\CWebApplication.php(142): CWebApplication->runController()
#14 D:\data\Ampps\www\yii\framework\base\CApplication.php(162): CWebApplication->processRequest()
#15 D:\data\Ampps\www\eventfish\index.php(22): CWebApplication->run()
REQUEST_URI=/eventfish/index.php/eventPlanner/planEventAccessoriesAdd/4
in D:\data\Ampps\www\eventfish\protected\views\eventPlanner\planEventAccessoriesAdd.php (152)
in D:\data\Ampps\www\eventfish\protected\controllers\EventPlannerController.php (298)
in D:\data\Ampps\www\eventfish\index.php (22)
2013/12/20 00:39:29 [error] [exception.CDbException] exception 'CDbException' with message 'CDbConnection failed to open the DB connection: SQLSTATE[HY000] [2002] No connection could be made because the target machine actively refused it.
' in D:\data\Ampps\www\yii\framework\db\CDbConnection.php:382
Stack trace:
#0 D:\data\Ampps\www\yii\framework\db\CDbConnection.php(331): CDbConnection->open()
#1 D:\data\Ampps\www\yii\framework\db\CDbConnection.php(309): CDbConnection->setActive(true)
#2 D:\data\Ampps\www\yii\framework\base\CModule.php(388): CDbConnection->init()
#3 D:\data\Ampps\www\yii\framework\base\CApplication.php(431): CModule->getComponent('db')
#4 D:\data\Ampps\www\yii\framework\db\ar\CActiveRecord.php(624): CApplication->getDb()
#5 D:\data\Ampps\www\yii\framework\db\ar\CActiveRecord.php(2311): CActiveRecord->getDbConnection()
#6 D:\data\Ampps\www\yii\framework\db\ar\CActiveRecord.php(388): CActiveRecordMetaData->__construct(Object(Category))
#7 D:\data\Ampps\www\eventfish\protected\extensions\giix-components\GxActiveRecord.php(26): CActiveRecord::model('Category')
#8 D:\data\Ampps\www\eventfish\protected\models\_base\BaseCategory.php(27): GxActiveRecord::model('Category')
#9 D:\data\Ampps\www\eventfish\protected\models\Category.php(8): BaseCategory::model('Category')
#10 D:\data\Ampps\www\eventfish\protected\models\Category.php(58): Category::model()
#11 D:\data\Ampps\www\eventfish\protected\controllers\SiteController.php(32): Category::getAllActiveCategories()
#12 D:\data\Ampps\www\yii\framework\web\actions\CInlineAction.php(50): SiteController->actionIndex()
#13 D:\data\Ampps\www\yii\framework\web\CController.php(309): CInlineAction->runWithParams(Array)
#14 D:\data\Ampps\www\yii\framework\web\CController.php(287): CController->runAction(Object(CInlineAction))
#15 D:\data\Ampps\www\yii\framework\web\CController.php(266): CController->runActionWithFilters(Object(CInlineAction), Array)
#16 D:\data\Ampps\www\yii\framework\web\CWebApplication.php(283): CController->run('index')
#17 D:\data\Ampps\www\yii\framework\web\CWebApplication.php(142): CWebApplication->runController('')
#18 D:\data\Ampps\www\yii\framework\base\CApplication.php(162): CWebApplication->processRequest()
#19 D:\data\Ampps\www\eventfish\index.php(22): CApplication->run()
#20 {main}
REQUEST_URI=/index.php
---
2013/12/20 00:40:17 [error] [exception.CDbException] exception 'CDbException' with message 'CDbConnection failed to open the DB connection: SQLSTATE[HY000] [2002] No connection could be made because the target machine actively refused it.
' in D:\data\Ampps\www\yii\framework\db\CDbConnection.php:382
Stack trace:
#0 D:\data\Ampps\www\yii\framework\db\CDbConnection.php(331): CDbConnection->open()
#1 D:\data\Ampps\www\yii\framework\db\CDbConnection.php(309): CDbConnection->setActive(true)
#2 D:\data\Ampps\www\yii\framework\base\CModule.php(388): CDbConnection->init()
#3 D:\data\Ampps\www\yii\framework\base\CApplication.php(431): CModule->getComponent('db')
#4 D:\data\Ampps\www\yii\framework\db\ar\CActiveRecord.php(624): CApplication->getDb()
#5 D:\data\Ampps\www\yii\framework\db\ar\CActiveRecord.php(2311): CActiveRecord->getDbConnection()
#6 D:\data\Ampps\www\yii\framework\db\ar\CActiveRecord.php(388): CActiveRecordMetaData->__construct(Object(Category))
#7 D:\data\Ampps\www\eventfish\protected\extensions\giix-components\GxActiveRecord.php(26): CActiveRecord::model('Category')
#8 D:\data\Ampps\www\eventfish\protected\models\_base\BaseCategory.php(27): GxActiveRecord::model('Category')
#9 D:\data\Ampps\www\eventfish\protected\models\Category.php(8): BaseCategory::model('Category')
#10 D:\data\Ampps\www\eventfish\protected\models\Category.php(58): Category::model()
#11 D:\data\Ampps\www\eventfish\protected\controllers\SiteController.php(32): Category::getAllActiveCategories()
#12 D:\data\Ampps\www\yii\framework\web\actions\CInlineAction.php(50): SiteController->actionIndex()
#13 D:\data\Ampps\www\yii\framework\web\CController.php(309): CInlineAction->runWithParams(Array)
#14 D:\data\Ampps\www\yii\framework\web\CController.php(287): CController->runAction(Object(CInlineAction))
#15 D:\data\Ampps\www\yii\framework\web\CController.php(266): CController->runActionWithFilters(Object(CInlineAction), Array)
#16 D:\data\Ampps\www\yii\framework\web\CWebApplication.php(283): CController->run('index')
#17 D:\data\Ampps\www\yii\framework\web\CWebApplication.php(142): CWebApplication->runController('')
#18 D:\data\Ampps\www\yii\framework\base\CApplication.php(162): CWebApplication->processRequest()
#19 D:\data\Ampps\www\eventfish\index.php(22): CApplication->run()
#20 {main}
REQUEST_URI=/index.php
---
2013/12/20 00:58:34 [warning] [application] Failed to set unsafe attribute "event_image" of "Event".
in D:\data\Ampps\www\eventfish\protected\controllers\EventPlannerController.php (130)
in D:\data\Ampps\www\eventfish\index.php (22)
